[debug] [2022-06-28T06:22:32.260Z] ----------------------------------------------------------------------
[debug] [2022-06-28T06:22:32.262Z] Command:       C:\Program Files\nodejs\node.exe C:\Users\si_va\AppData\Roaming\npm\node_modules\firebase-tools\lib\bin\firebase.js init
[debug] [2022-06-28T06:22:32.263Z] CLI Version:   11.1.0
[debug] [2022-06-28T06:22:32.263Z] Platform:      win32
[debug] [2022-06-28T06:22:32.263Z] Node Version:  v16.13.2
[debug] [2022-06-28T06:22:32.269Z] Time:          Tue Jun 28 2022 15:22:32 GMT+0900 (대한민국 표준시)
[debug] [2022-06-28T06:22:32.270Z] ----------------------------------------------------------------------
[debug] 
[debug] [2022-06-28T06:22:32.339Z] > command requires scopes: ["email","openid","https://www.googleapis.com/auth/cloudplatformprojects.readonly","https://www.googleapis.com/auth/firebase","https://www.googleapis.com/auth/cloud-platform"]
[debug] [2022-06-28T06:22:32.341Z] > authorizing via signed-in user (swch56@gmail.com)
[info] 
     ######## #### ########  ######## ########     ###     ######  ########
     ##        ##  ##     ## ##       ##     ##  ##   ##  ##       ##
     ######    ##  ########  ######   ########  #########  ######  ######
     ##        ##  ##    ##  ##       ##     ## ##     ##       ## ##
     ##       #### ##     ## ######## ########  ##     ##  ######  ########

You're about to initialize a Firebase project in this directory:

  C:\Users\si_va\Desktop\react-PF\trip

Before we get started, keep in mind:

  * You are initializing within an existing Firebase project directory

[info] 
=== Project Setup
[info] 
[info] First, let's associate this project directory with a Firebase project.
[info] You can create multiple project aliases by running firebase use --add, 
[info] but for now we'll just set up a default project.
[info] 
[debug] [2022-06-28T06:22:51.674Z] Using project from CLI flag: trip01-85811
[debug] [2022-06-28T06:22:51.676Z] > refreshing access token with scopes: []
[debug] [2022-06-28T06:22:51.678Z] >>> [apiv2][query] POST https://www.googleapis.com/oauth2/v3/token [none]
[debug] [2022-06-28T06:22:51.679Z] >>> [apiv2][body] POST https://www.googleapis.com/oauth2/v3/token [omitted]
[debug] [2022-06-28T06:22:51.948Z] <<< [apiv2][status] POST https://www.googleapis.com/oauth2/v3/token 200
[debug] [2022-06-28T06:22:51.948Z] <<< [apiv2][body] POST https://www.googleapis.com/oauth2/v3/token [omitted]
[debug] [2022-06-28T06:22:51.971Z] >>> [apiv2][query] GET https://firebase.googleapis.com/v1beta1/projects/trip01-85811 [none]
[debug] [2022-06-28T06:22:52.372Z] <<< [apiv2][status] GET https://firebase.googleapis.com/v1beta1/projects/trip01-85811 200
[debug] [2022-06-28T06:22:52.372Z] <<< [apiv2][body] GET https://firebase.googleapis.com/v1beta1/projects/trip01-85811 {"projectId":"trip01-85811","projectNumber":"663858843430","displayName":"Trip01","name":"projects/trip01-85811","resources":{"hostingSite":"trip01-85811","storageBucket":"trip01-85811.appspot.com","locationId":"asia-east2"},"state":"ACTIVE"}
[info] i  Using project trip01-85811 (Trip01) 
[info] 
=== Database Setup
[info] i  database: ensuring required API firebasedatabase.googleapis.com is enabled... 
[debug] [2022-06-28T06:22:52.399Z] >>> [apiv2][query] GET https://serviceusage.googleapis.com/v1/projects/trip01-85811/services/firebasedatabase.googleapis.com [none]
[debug] [2022-06-28T06:22:53.482Z] <<< [apiv2][status] GET https://serviceusage.googleapis.com/v1/projects/trip01-85811/services/firebasedatabase.googleapis.com 200
[debug] [2022-06-28T06:22:53.482Z] <<< [apiv2][body] GET https://serviceusage.googleapis.com/v1/projects/trip01-85811/services/firebasedatabase.googleapis.com [omitted]
[warn] !  database: missing required API firebasedatabase.googleapis.com. Enabling now... 
[debug] [2022-06-28T06:22:53.483Z] >>> [apiv2][query] POST https://serviceusage.googleapis.com/v1/projects/trip01-85811/services/firebasedatabase.googleapis.com:enable [none]
[debug] [2022-06-28T06:22:54.627Z] <<< [apiv2][status] POST https://serviceusage.googleapis.com/v1/projects/trip01-85811/services/firebasedatabase.googleapis.com:enable 200
[debug] [2022-06-28T06:22:54.627Z] <<< [apiv2][body] POST https://serviceusage.googleapis.com/v1/projects/trip01-85811/services/firebasedatabase.googleapis.com:enable [omitted]
[debug] [2022-06-28T06:23:04.635Z] >>> [apiv2][query] GET https://serviceusage.googleapis.com/v1/projects/trip01-85811/services/firebasedatabase.googleapis.com [none]
[debug] [2022-06-28T06:23:05.672Z] <<< [apiv2][status] GET https://serviceusage.googleapis.com/v1/projects/trip01-85811/services/firebasedatabase.googleapis.com 200
[debug] [2022-06-28T06:23:05.672Z] <<< [apiv2][body] GET https://serviceusage.googleapis.com/v1/projects/trip01-85811/services/firebasedatabase.googleapis.com [omitted]
[info] +  database: required API firebasedatabase.googleapis.com is enabled 
[info] 
[debug] [2022-06-28T06:23:05.679Z] >>> [apiv2][query] GET https://firebase.googleapis.com/v1beta1/projects/trip01-85811 [none]
[debug] [2022-06-28T06:23:06.251Z] <<< [apiv2][status] GET https://firebase.googleapis.com/v1beta1/projects/trip01-85811 200
[debug] [2022-06-28T06:23:06.251Z] <<< [apiv2][body] GET https://firebase.googleapis.com/v1beta1/projects/trip01-85811 {"projectId":"trip01-85811","projectNumber":"663858843430","displayName":"Trip01","name":"projects/trip01-85811","resources":{"hostingSite":"trip01-85811","storageBucket":"trip01-85811.appspot.com","locationId":"asia-east2"},"state":"ACTIVE"}
[debug] [2022-06-28T06:23:50.651Z] ----------------------------------------------------------------------
[debug] [2022-06-28T06:23:50.653Z] Command:       C:\Program Files\nodejs\node.exe C:\Users\si_va\AppData\Roaming\npm\node_modules\firebase-tools\lib\bin\firebase.js init
[debug] [2022-06-28T06:23:50.654Z] CLI Version:   11.1.0
[debug] [2022-06-28T06:23:50.654Z] Platform:      win32
[debug] [2022-06-28T06:23:50.654Z] Node Version:  v16.13.2
[debug] [2022-06-28T06:23:50.657Z] Time:          Tue Jun 28 2022 15:23:50 GMT+0900 (대한민국 표준시)
[debug] [2022-06-28T06:23:50.658Z] ----------------------------------------------------------------------
[debug] 
[debug] [2022-06-28T06:23:50.726Z] > command requires scopes: ["email","openid","https://www.googleapis.com/auth/cloudplatformprojects.readonly","https://www.googleapis.com/auth/firebase","https://www.googleapis.com/auth/cloud-platform"]
[debug] [2022-06-28T06:23:50.726Z] > authorizing via signed-in user (swch56@gmail.com)
[info] 
     ######## #### ########  ######## ########     ###     ######  ########
     ##        ##  ##     ## ##       ##     ##  ##   ##  ##       ##
     ######    ##  ########  ######   ########  #########  ######  ######
     ##        ##  ##    ##  ##       ##     ## ##     ##       ## ##
     ##       #### ##     ## ######## ########  ##     ##  ######  ########

You're about to initialize a Firebase project in this directory:

  C:\Users\si_va\Desktop\react-PF\trip

Before we get started, keep in mind:

  * You are initializing within an existing Firebase project directory

